[debug] > Exec(early(addDefaultCommands), None, None)
[debug] > Exec(addDefaultCommands, None, None)
[debug] > Exec(early(initialize), None, None)
[debug] > Exec(initialize, None, None)
[debug] > Exec(boot, None, None)
[debug] > Exec(writeSbtVersion, None, None)
[debug] > Exec(reload, None, None)
[debug] > Exec(sbtStashOnFailure, None, None)
[debug] > Exec(onFailure loadFailed, None, None)
[debug] > Exec(loadp, None, None)
[info] welcome to sbt 1.4.0 (Oracle Corporation Java 1.8.0_261)
[debug] Load.defaultLoad until apply took 494.1857ms
[debug]           Load.loadUnit: plugins took 67.3277ms
[debug]           Load.loadUnit: defsScala took 0.2746ms
[debug] [Loading] Scanning directory D:\Projects\SparkStudy\helloworld\project
[debug] [Loading] Found non-root projects 
[debug] [Loading] Done in D:\Projects\SparkStudy\helloworld\project, returning: ()
[debug] deducing auto plugins based on known facts Set(Atom(sbt.plugins.CorePlugin)) and clauses Clauses(List(Clause(Atom(sbt.plugins.JvmPlugin),Set(Atom(sbt.plugins.IvyPlugin))), Clause(Atom(sbt.ScriptedPlugin),Set(Atom(sbt.plugins.JvmPlugin))), Clause(Atom(sbt.plugins.SbtPlugin),Set(Atom(sbt.ScriptedPlugin))), Clause(Atom(sbt.plugins.SemanticdbPlugin),Set(Atom(sbt.plugins.JvmPlugin))), Clause(Atom(sbt.plugins.JUnitXmlReportPlugin),Set(Atom(sbt.plugins.JvmPlugin))), Clause(Atom(sbt.plugins.MiniDependencyTreePlugin),Set(Atom(sbt.plugins.JvmPlugin))), Clause(Atom(sbt.plugins.CorePlugin),Set(Atom(sbt.plugins.IvyPlugin))), Clause(Atom(sbt.plugins.IvyPlugin),Set(Atom(sbt.plugins.JvmPlugin))), Clause(Atom(sbt.plugins.JvmPlugin),Set(Atom(sbt.plugins.SemanticdbPlugin))), Clause(Atom(sbt.plugins.JvmPlugin),Set(Atom(sbt.plugins.JUnitXmlReportPlugin))), Clause(Atom(sbt.plugins.CorePlugin),Set(Atom(sbt.plugins.Giter8TemplatePlugin))), Clause(Atom(sbt.plugins.JvmPlugin),Set(Atom(sbt.plugins.MiniDependencyTreePlugin)))))
[debug]   :: deduced result: Matched(sbt.plugins.CorePlugin,sbt.plugins.Giter8TemplatePlugin,sbt.plugins.IvyPlugin,sbt.plugins.JvmPlugin,sbt.plugins.MiniDependencyTreePlugin,sbt.plugins.JUnitXmlReportPlugin,sbt.plugins.SemanticdbPlugin)
[debug] Plugins.deducer#function took 101.409001 ms
[debug]               Load.resolveProject(helloworld-build) took 37.710301ms
[debug]             Load.loadTransitive: finalizeProject(Project(id helloworld-build, base: D:\Projects\SparkStudy\helloworld\project, plugins: List(<none>))) took 161.2148ms
[debug] [Loading] Done in D:\Projects\SparkStudy\helloworld\project, returning: (helloworld-build)
[debug]           Load.loadUnit: loadedProjectsRaw took 177.7275ms
[debug]           Load.loadUnit: cleanEvalClasses took 0.209ms
[debug]         Load.loadUnit(file:/D:/Projects/SparkStudy/helloworld/project/, ...) took 250.0299ms
[debug]       Load.apply: load took 354.686401ms
[debug]       Load.apply: resolveProjects took 4.921599ms
[debug]       Load.apply: finalTransforms took 42.3378ms
[debug]       Load.apply: config.delegates took 5.9847ms
[debug]       Load.apply: Def.make(settings)... took 552.003ms
[debug]       Load.apply: structureIndex took 67.5598ms
[debug]       Load.apply: mkStreams took 1.2491ms
[info] loading project definition from D:\Projects\SparkStudy\helloworld\project
[debug] Running task... Cancel: Signal, check cycles: false, forcegc: true
[debug]     Load.loadUnit: plugins took 1738.4641ms
[debug]     Load.loadUnit: defsScala took 0.002801ms
[debug] [Loading] Scanning directory D:\Projects\SparkStudy\helloworld
[debug]       Load.loadUnit: mkEval took 6.053201ms
[debug] [Loading] Found non-root projects 
[debug] [Loading] Done in D:\Projects\SparkStudy\helloworld, returning: ()
[debug] deducing auto plugins based on known facts Set(Atom(sbt.plugins.CorePlugin)) and clauses Clauses(List(Clause(Atom(sbt.plugins.JvmPlugin),Set(Atom(sbt.plugins.IvyPlugin))), Clause(Atom(sbt.ScriptedPlugin),Set(Atom(sbt.plugins.JvmPlugin))), Clause(Atom(sbt.plugins.SbtPlugin),Set(Atom(sbt.ScriptedPlugin))), Clause(Atom(sbt.plugins.SemanticdbPlugin),Set(Atom(sbt.plugins.JvmPlugin))), Clause(Atom(sbt.plugins.JUnitXmlReportPlugin),Set(Atom(sbt.plugins.JvmPlugin))), Clause(Atom(sbt.plugins.MiniDependencyTreePlugin),Set(Atom(sbt.plugins.JvmPlugin))), Clause(Atom(sbt.plugins.CorePlugin),Set(Atom(sbt.plugins.IvyPlugin))), Clause(Atom(sbt.plugins.IvyPlugin),Set(Atom(sbt.plugins.JvmPlugin))), Clause(Atom(sbt.plugins.JvmPlugin),Set(Atom(sbt.plugins.SemanticdbPlugin))), Clause(Atom(sbt.plugins.JvmPlugin),Set(Atom(sbt.plugins.JUnitXmlReportPlugin))), Clause(Atom(sbt.plugins.CorePlugin),Set(Atom(sbt.plugins.Giter8TemplatePlugin))), Clause(Atom(sbt.plugins.JvmPlugin),Set(Atom(sbt.plugins.MiniDependencyTreePlugin)))))
[debug]   :: deduced result: Matched(sbt.plugins.CorePlugin,sbt.plugins.Giter8TemplatePlugin,sbt.plugins.IvyPlugin,sbt.plugins.JvmPlugin,sbt.plugins.MiniDependencyTreePlugin,sbt.plugins.JUnitXmlReportPlugin,sbt.plugins.SemanticdbPlugin)
[debug] Plugins.deducer#function took 1.0104 ms
[info] loading settings for project helloworld from build.sbt ...
[debug]         Load.resolveProject(helloworld) took 2.081199ms
[debug]       Load.loadTransitive: finalizeProject(Project(id helloworld, base: D:\Projects\SparkStudy\helloworld, plugins: List(<none>))) took 3.498501ms
[debug] [Loading] Done in D:\Projects\SparkStudy\helloworld, returning: (helloworld)
[debug]     Load.loadUnit: loadedProjectsRaw took 1612.3373ms
[debug]     Load.loadUnit: cleanEvalClasses took 4.745301ms
[debug]   Load.loadUnit(file:/D:/Projects/SparkStudy/helloworld/, ...) took 3357.1155ms
[debug] Load.apply: load took 3375.0752ms
[debug] Load.apply: resolveProjects took 0.076ms
[debug] Load.apply: finalTransforms took 6.235799ms
[debug] Load.apply: config.delegates took 0.374101ms
[debug] Load.apply: Def.make(settings)... took 85.1256ms
[debug] Load.apply: structureIndex took 16.8132ms
[debug] Load.apply: mkStreams took 0.002ms
[info] set current project to helloworld (in build file:/D:/Projects/SparkStudy/helloworld/)
[debug] > Exec(sbtPopOnFailure, None, None)
[debug] > Exec(resumeFromFailure, None, None)
[debug] > Exec(notifyUsersAboutShell, None, None)
[debug] > Exec(iflast shell, None, None)
[debug] > Exec(shell, None, None)
[info] 
[info] Here are some highlights of this release:
[info]   - Build server protocol (BSP) support
[info]   - sbtn: a native thin client for sbt
[info]   - VirtualFile + RemoteCache: caches build artifacts across different machines
[info]   - ThisBuild / versionScheme to take the guessing out of eviction warning
[info] See http://eed3si9n.com/sbt-1.4.0 for full release notes.
[info] Hide the banner for this release by running `skipBanner`.
[info] sbt server started at local:sbt-server-4474364a67b4c3986738
